2025-04-08 08:52:05,355 INFO o.a.j.u.JMeterUtils: Setting Locale to en_EN
2025-04-08 08:52:05,362 INFO o.a.j.JMeter: Loading user properties from: /opt/homebrew/Cellar/jmeter/5.6.3/libexec/bin/user.properties
2025-04-08 08:52:05,362 INFO o.a.j.JMeter: Loading system properties from: /opt/homebrew/Cellar/jmeter/5.6.3/libexec/bin/system.properties
2025-04-08 08:52:05,364 INFO o.a.j.JMeter: Copyright (c) 1998-2024 The Apache Software Foundation
2025-04-08 08:52:05,364 INFO o.a.j.JMeter: Version 5.6.3
2025-04-08 08:52:05,364 INFO o.a.j.JMeter: java.version=21.0.6
2025-04-08 08:52:05,364 INFO o.a.j.JMeter: java.vm.name=OpenJDK 64-Bit Server VM
2025-04-08 08:52:05,364 INFO o.a.j.JMeter: os.name=Mac OS X
2025-04-08 08:52:05,364 INFO o.a.j.JMeter: os.arch=aarch64
2025-04-08 08:52:05,364 INFO o.a.j.JMeter: os.version=15.3.2
2025-04-08 08:52:05,364 INFO o.a.j.JMeter: file.encoding=UTF-8
2025-04-08 08:52:05,364 INFO o.a.j.JMeter: java.awt.headless=true
2025-04-08 08:52:05,364 INFO o.a.j.JMeter: Max memory     =1073741824
2025-04-08 08:52:05,364 INFO o.a.j.JMeter: Available Processors =8
2025-04-08 08:52:05,368 INFO o.a.j.JMeter: Default Locale=English (EN)
2025-04-08 08:52:05,368 INFO o.a.j.JMeter: JMeter  Locale=English (EN)
2025-04-08 08:52:05,368 INFO o.a.j.JMeter: JMeterHome=/opt/homebrew/Cellar/jmeter/5.6.3/libexec
2025-04-08 08:52:05,368 INFO o.a.j.JMeter: user.dir  =/Users/juhojaatinen/robotframework-qa-demo
2025-04-08 08:52:05,368 INFO o.a.j.JMeter: PWD       =/Users/juhojaatinen/robotframework-qa-demo
2025-04-08 08:52:05,369 INFO o.a.j.JMeter: IP: 127.0.0.1 Name: Juho-MacBook-Air.local FullName: localhost
2025-04-08 08:52:05,373 INFO o.a.j.JMeter: Setting property 'jmeter.reportgenerator.outputdir' to:'/Users/juhojaatinen/robotframework-qa-demo/tests/performance/html-report'
2025-04-08 08:52:05,374 INFO o.a.j.s.FileServer: Default base='/Users/juhojaatinen/robotframework-qa-demo'
2025-04-08 08:52:05,374 INFO o.a.j.s.FileServer: Set new base='/Users/juhojaatinen/robotframework-qa-demo/tests/performance'
2025-04-08 08:52:05,453 INFO o.a.j.s.SaveService: Testplan (JMX) version: 2.2. Testlog (JTL) version: 2.2
2025-04-08 08:52:05,471 INFO o.a.j.s.SaveService: Using SaveService properties version 5.0
2025-04-08 08:52:05,472 INFO o.a.j.s.SaveService: Using SaveService properties file encoding UTF-8
2025-04-08 08:52:05,473 INFO o.a.j.s.SaveService: Loading file: tests/performance/reqres_api_test.jmx
2025-04-08 08:52:05,499 INFO o.a.j.p.h.s.HTTPSamplerBase: Parser for text/html is org.apache.jmeter.protocol.http.parser.LagartoBasedHtmlParser
2025-04-08 08:52:05,499 INFO o.a.j.p.h.s.HTTPSamplerBase: Parser for application/xhtml+xml is org.apache.jmeter.protocol.http.parser.LagartoBasedHtmlParser
2025-04-08 08:52:05,499 INFO o.a.j.p.h.s.HTTPSamplerBase: Parser for application/xml is org.apache.jmeter.protocol.http.parser.LagartoBasedHtmlParser
2025-04-08 08:52:05,499 INFO o.a.j.p.h.s.HTTPSamplerBase: Parser for text/xml is org.apache.jmeter.protocol.http.parser.LagartoBasedHtmlParser
2025-04-08 08:52:05,499 INFO o.a.j.p.h.s.HTTPSamplerBase: Parser for text/vnd.wap.wml is org.apache.jmeter.protocol.http.parser.RegexpHTMLParser
2025-04-08 08:52:05,499 INFO o.a.j.p.h.s.HTTPSamplerBase: Parser for text/css is org.apache.jmeter.protocol.http.parser.CssParser
2025-04-08 08:52:05,502 INFO o.a.j.JMeter: Creating summariser <summary>
2025-04-08 08:52:05,507 INFO o.a.j.r.d.ReportGenerator: ReportGenerator will use for Parsing the separator: ','
2025-04-08 08:52:05,507 INFO o.a.j.r.d.ReportGenerator: Will generate report at end of test from  results file: results.jtl
2025-04-08 08:52:05,507 INFO o.a.j.r.d.ReportGenerator: Reading report generator properties from: /opt/homebrew/Cellar/jmeter/5.6.3/libexec/bin/reportgenerator.properties
2025-04-08 08:52:05,508 INFO o.a.j.r.d.ReportGenerator: Merging with JMeter properties
2025-04-08 08:52:05,509 INFO o.a.j.r.c.ReportGeneratorConfiguration: Property 'jmeter.reportgenerator.temp_dir' not found, using default value 'temp' instead.
2025-04-08 08:52:05,510 INFO o.a.j.r.c.ReportGeneratorConfiguration: Property 'jmeter.reportgenerator.apdex_per_transaction' not found, using default value 'null' instead.
2025-04-08 08:52:05,510 INFO o.a.j.r.c.ReportGeneratorConfiguration: apdex_per_transaction is empty, not APDEX per transaction customization
2025-04-08 08:52:05,510 INFO o.a.j.r.c.ReportGeneratorConfiguration: Property 'jmeter.reportgenerator.sample_filter' not found, using default value 'null' instead.
2025-04-08 08:52:05,510 INFO o.a.j.r.c.ReportGeneratorConfiguration: Property 'jmeter.reportgenerator.report_title' not found, using default value 'null' instead.
2025-04-08 08:52:05,510 INFO o.a.j.r.c.ReportGeneratorConfiguration: Property 'jmeter.reportgenerator.start_date' not found, using default value 'null' instead.
2025-04-08 08:52:05,510 INFO o.a.j.r.c.ReportGeneratorConfiguration: Property 'jmeter.reportgenerator.end_date' not found, using default value 'null' instead.
2025-04-08 08:52:05,510 INFO o.a.j.r.c.ReportGeneratorConfiguration: Property 'jmeter.reportgenerator.date_format' not found, using default value 'null' instead.
2025-04-08 08:52:05,510 INFO o.a.j.r.c.ReportGeneratorConfiguration: Will use date range start date: null, end date: null
2025-04-08 08:52:05,511 INFO o.a.j.r.c.ReportGeneratorConfiguration: Property 'jmeter.reportgenerator.graph.totalTPS.exclude_controllers' not found, using default value 'false' instead.
2025-04-08 08:52:05,512 INFO o.a.j.r.c.ReportGeneratorConfiguration: Property 'jmeter.reportgenerator.graph.activeThreadsOverTime.exclude_controllers' not found, using default value 'false' instead.
2025-04-08 08:52:05,512 INFO o.a.j.r.c.ReportGeneratorConfiguration: Property 'jmeter.reportgenerator.graph.timeVsThreads.exclude_controllers' not found, using default value 'false' instead.
2025-04-08 08:52:05,512 INFO o.a.j.r.c.ReportGeneratorConfiguration: Property 'jmeter.reportgenerator.graph.responseTimeDistribution.exclude_controllers' not found, using default value 'false' instead.
2025-04-08 08:52:05,512 INFO o.a.j.r.c.ReportGeneratorConfiguration: Property 'jmeter.reportgenerator.graph.transactionsPerSecond.exclude_controllers' not found, using default value 'false' instead.
2025-04-08 08:52:05,512 INFO o.a.j.r.c.ReportGeneratorConfiguration: Property 'jmeter.reportgenerator.graph.responseTimePercentiles.exclude_controllers' not found, using default value 'false' instead.
2025-04-08 08:52:05,512 INFO o.a.j.r.c.ReportGeneratorConfiguration: Property 'jmeter.reportgenerator.graph.responseTimePercentilesOverTime.exclude_controllers' not found, using default value 'false' instead.
2025-04-08 08:52:05,512 INFO o.a.j.r.c.ReportGeneratorConfiguration: Property 'jmeter.reportgenerator.graph.responseTimesOverTime.exclude_controllers' not found, using default value 'false' instead.
2025-04-08 08:52:05,512 INFO o.a.j.r.c.ReportGeneratorConfiguration: Property 'jmeter.reportgenerator.graph.connectTimeOverTime.exclude_controllers' not found, using default value 'false' instead.
2025-04-08 08:52:05,512 INFO o.a.j.r.c.ReportGeneratorConfiguration: Property 'jmeter.reportgenerator.graph.latenciesOverTime.exclude_controllers' not found, using default value 'false' instead.
2025-04-08 08:52:05,512 INFO o.a.j.r.c.ReportGeneratorConfiguration: Property 'jmeter.reportgenerator.exporter.json.filters_only_sample_series' not found, using default value 'true' instead.
2025-04-08 08:52:05,512 INFO o.a.j.r.c.ReportGeneratorConfiguration: Property 'jmeter.reportgenerator.exporter.json.series_filter' not found, using default value '' instead.
2025-04-08 08:52:05,512 INFO o.a.j.r.c.ReportGeneratorConfiguration: Property 'jmeter.reportgenerator.exporter.json.show_controllers_only' not found, using default value 'false' instead.
2025-04-08 08:52:05,512 INFO o.a.j.r.c.ReportGeneratorConfiguration: Property 'jmeter.reportgenerator.exporter.html.filters_only_sample_series' not found, using default value 'true' instead.
2025-04-08 08:52:05,513 INFO o.a.j.r.c.ReportGeneratorConfiguration: Property 'jmeter.reportgenerator.exporter.html.series_filter' not found, using default value '' instead.
2025-04-08 08:52:05,513 INFO o.a.j.r.c.ReportGeneratorConfiguration: Property 'jmeter.reportgenerator.exporter.html.show_controllers_only' not found, using default value 'false' instead.
2025-04-08 08:52:05,518 INFO o.a.j.e.StandardJMeterEngine: Running the test!
2025-04-08 08:52:05,518 INFO o.a.j.s.SampleEvent: List of sample_variables: []
2025-04-08 08:52:05,518 INFO o.a.j.s.SampleEvent: List of sample_variables: []
2025-04-08 08:52:05,520 INFO o.a.j.e.u.CompoundVariable: Note: Function class names must contain the string: '.functions.'
2025-04-08 08:52:05,520 INFO o.a.j.e.u.CompoundVariable: Note: Function class names must not contain the string: '.gui.'
2025-04-08 08:52:05,543 INFO o.a.j.r.ClassFinder: Will scan jar /opt/homebrew/Cellar/jmeter/5.6.3/libexec/lib/ext/jmeter-plugins-manager-1.9.jar with filter ExtendsClassFilter [parents=[interface org.apache.jmeter.functions.Function], inner=false, contains=null, notContains=null]. Consider exposing JMeter plugins via META-INF/services, and add JMeter-Skip-Class-Scanning=true manifest attribute so JMeter can skip classfile scanning
2025-04-08 08:52:05,582 INFO o.a.j.JMeter: Running test (1744091525582)
2025-04-08 08:52:05,590 INFO o.a.j.e.StandardJMeterEngine: Starting ThreadGroup: 1 : Example Thread Group
2025-04-08 08:52:05,590 INFO o.a.j.e.StandardJMeterEngine: Starting 1 threads for group Example Thread Group.
2025-04-08 08:52:05,590 INFO o.a.j.e.StandardJMeterEngine: Thread will continue on error
2025-04-08 08:52:05,590 INFO o.a.j.t.ThreadGroup: Starting thread group... number=1 threads=1 ramp-up=1 delayedStart=false
2025-04-08 08:52:05,591 INFO o.a.j.t.ThreadGroup: Started thread group number 1
2025-04-08 08:52:05,591 INFO o.a.j.e.StandardJMeterEngine: All thread groups have been started
2025-04-08 08:52:05,592 INFO o.a.j.t.JMeterThread: Thread started: Example Thread Group 1-1
2025-04-08 08:52:05,600 INFO o.a.j.p.h.s.HTTPHCAbstractImpl: Local host = Juho-MacBook-Air.local
2025-04-08 08:52:05,603 INFO o.a.j.p.h.s.HTTPHC4Impl: HTTP request retry count = 0
2025-04-08 08:52:05,603 INFO o.a.j.s.SampleResult: Note: Sample TimeStamps are START times
2025-04-08 08:52:05,603 INFO o.a.j.s.SampleResult: sampleresult.default.encoding is set to UTF-8
2025-04-08 08:52:05,603 INFO o.a.j.s.SampleResult: sampleresult.useNanoTime=true
2025-04-08 08:52:05,603 INFO o.a.j.s.SampleResult: sampleresult.nanoThreadSleep=5000
2025-04-08 08:52:05,724 INFO o.a.j.p.h.s.h.LazyLayeredConnectionSocketFactory: Setting up HTTPS TrustAll Socket Factory
2025-04-08 08:52:05,728 INFO o.a.j.u.JsseSSLManager: Using default SSL protocol: TLS
2025-04-08 08:52:05,728 INFO o.a.j.u.JsseSSLManager: SSL session context: per-thread
2025-04-08 08:52:05,782 INFO o.a.j.u.SSLManager: JmeterKeyStore Location:  type JKS
2025-04-08 08:52:05,784 INFO o.a.j.u.SSLManager: KeyStore created OK
2025-04-08 08:52:05,784 WARN o.a.j.u.SSLManager: Keystore file not found, loading empty keystore
2025-04-08 08:52:05,944 INFO o.a.j.r.Summariser: summary +      1 in 00:00:00 =    2,8/s Avg:   315 Min:   315 Max:   315 Err:     0 (0,00%) Active: 1 Started: 1 Finished: 0
2025-04-08 08:52:05,945 INFO o.a.j.t.JMeterThread: Thread is done: Example Thread Group 1-1
2025-04-08 08:52:05,945 INFO o.a.j.t.JMeterThread: Thread finished: Example Thread Group 1-1
2025-04-08 08:52:05,946 INFO o.a.j.e.StandardJMeterEngine: Notifying test listeners of end of test
2025-04-08 08:52:05,946 INFO o.a.j.r.Summariser: summary =      1 in 00:00:00 =    2,7/s Avg:   315 Min:   315 Max:   315 Err:     0 (0,00%)
2025-04-08 08:52:05,947 INFO o.a.j.JMeter: Generating Dashboard
2025-04-08 08:52:05,947 INFO o.a.j.r.d.ReportGenerator: Flushing result collector before report Generation
2025-04-08 08:52:05,951 INFO o.a.j.r.p.NormalizerSampleConsumer: Using format, 'ms', to parse timeStamp field
2025-04-08 08:52:05,967 INFO o.a.j.r.p.AbstractSampleConsumer: class org.apache.jmeter.report.processor.AggregateConsumer#stopProducing(): beginDate produced 0 samples
2025-04-08 08:52:05,967 INFO o.a.j.r.p.AbstractSampleConsumer: class org.apache.jmeter.report.processor.AggregateConsumer#stopProducing(): endDate produced 0 samples
2025-04-08 08:52:05,968 INFO o.a.j.r.p.AbstractSampleConsumer: class org.apache.jmeter.report.processor.ApdexSummaryConsumer#stopProducing(): apdexSummary produced 0 samples
2025-04-08 08:52:05,968 INFO o.a.j.r.p.AbstractSampleConsumer: class org.apache.jmeter.report.processor.RequestsSummaryConsumer#stopProducing(): requestsSummary produced 0 samples
2025-04-08 08:52:05,969 INFO o.a.j.r.p.AbstractSampleConsumer: class org.apache.jmeter.report.processor.StatisticsSummaryConsumer#stopProducing(): statisticsSummary produced 0 samples
2025-04-08 08:52:05,970 INFO o.a.j.r.p.AbstractSampleConsumer: class org.apache.jmeter.report.processor.Top5ErrorsBySamplerConsumer#stopProducing(): top5ErrorsBySampler produced 0 samples
2025-04-08 08:52:05,970 INFO o.a.j.r.p.AbstractSampleConsumer: class org.apache.jmeter.report.processor.ErrorsSummaryConsumer#stopProducing(): errorsSummary produced 0 samples
2025-04-08 08:52:05,970 INFO o.a.j.r.p.AbstractSampleConsumer: class org.apache.jmeter.report.processor.graph.impl.HitsPerSecondGraphConsumer#stopProducing(): hitsPerSecond produced 0 samples
2025-04-08 08:52:05,974 INFO o.a.j.r.p.AbstractSampleConsumer: class org.apache.jmeter.report.processor.graph.impl.LatencyVSRequestGraphConsumer#stopProducing(): latencyVsRequest produced 0 samples
2025-04-08 08:52:05,974 INFO o.a.j.r.p.AbstractSampleConsumer: class org.apache.jmeter.report.processor.graph.impl.SyntheticResponseTimeDistributionGraphConsumer#stopProducing(): syntheticResponseTimeDistribution produced 0 samples
2025-04-08 08:52:05,975 INFO o.a.j.r.p.AbstractSampleConsumer: class org.apache.jmeter.report.processor.graph.impl.BytesThroughputGraphConsumer#stopProducing(): bytesThroughputOverTime produced 0 samples
2025-04-08 08:52:05,975 INFO o.a.j.r.p.AbstractSampleConsumer: class org.apache.jmeter.report.processor.graph.impl.CodesPerSecondGraphConsumer#stopProducing(): codesPerSecond produced 0 samples
2025-04-08 08:52:05,975 INFO o.a.j.r.p.AbstractSampleConsumer: class org.apache.jmeter.report.processor.graph.impl.ResponseTimeVSRequestGraphConsumer#stopProducing(): responseTimeVsRequest produced 0 samples
2025-04-08 08:52:05,975 INFO o.a.j.r.p.AbstractSampleConsumer: class org.apache.jmeter.report.processor.FilterConsumer#stopProducing(): startIntervalControlerFilter produced 7 samples
2025-04-08 08:52:05,975 INFO o.a.j.r.p.AbstractSampleConsumer: class org.apache.jmeter.report.processor.graph.impl.TotalTPSGraphConsumer#stopProducing(): totalTPS produced 0 samples
2025-04-08 08:52:05,975 INFO o.a.j.r.p.AbstractSampleConsumer: class org.apache.jmeter.report.processor.graph.impl.ActiveThreadsGraphConsumer#stopProducing(): activeThreadsOverTime produced 0 samples
2025-04-08 08:52:05,975 INFO o.a.j.r.p.AbstractSampleConsumer: class org.apache.jmeter.report.processor.graph.impl.TimeVSThreadGraphConsumer#stopProducing(): timeVsThreads produced 0 samples
2025-04-08 08:52:05,975 INFO o.a.j.r.p.AbstractSampleConsumer: class org.apache.jmeter.report.processor.graph.impl.ResponseTimeDistributionGraphConsumer#stopProducing(): responseTimeDistribution produced 0 samples
2025-04-08 08:52:05,975 INFO o.a.j.r.p.AbstractSampleConsumer: class org.apache.jmeter.report.processor.graph.impl.TransactionsPerSecondGraphConsumer#stopProducing(): transactionsPerSecond produced 0 samples
2025-04-08 08:52:05,975 INFO o.a.j.r.p.AbstractSampleConsumer: class org.apache.jmeter.report.processor.graph.impl.ResponseTimePercentilesGraphConsumer#stopProducing(): responseTimePercentiles produced 0 samples
2025-04-08 08:52:05,976 INFO o.a.j.r.p.AbstractSampleConsumer: class org.apache.jmeter.report.processor.graph.impl.ResponseTimePercentilesOverTimeGraphConsumer#stopProducing(): responseTimePercentilesOverTime produced 0 samples
2025-04-08 08:52:05,976 INFO o.a.j.r.p.AbstractSampleConsumer: class org.apache.jmeter.report.processor.graph.impl.ResponseTimeOverTimeGraphConsumer#stopProducing(): responseTimesOverTime produced 0 samples
2025-04-08 08:52:05,976 INFO o.a.j.r.p.AbstractSampleConsumer: class org.apache.jmeter.report.processor.graph.impl.ConnectTimeOverTimeGraphConsumer#stopProducing(): connectTimeOverTime produced 0 samples
2025-04-08 08:52:05,976 INFO o.a.j.r.p.AbstractSampleConsumer: class org.apache.jmeter.report.processor.graph.impl.LatencyOverTimeGraphConsumer#stopProducing(): latenciesOverTime produced 0 samples
2025-04-08 08:52:05,976 INFO o.a.j.r.p.AbstractSampleConsumer: class org.apache.jmeter.report.processor.FilterConsumer#stopProducing(): nameFilter produced 15 samples
2025-04-08 08:52:05,976 INFO o.a.j.r.p.AbstractSampleConsumer: class org.apache.jmeter.report.processor.FilterConsumer#stopProducing(): dateRangeFilter produced 3 samples
2025-04-08 08:52:05,976 INFO o.a.j.r.p.AbstractSampleConsumer: class org.apache.jmeter.report.processor.NormalizerSampleConsumer#stopProducing(): normalizer produced 1 samples
2025-04-08 08:52:05,976 INFO o.a.j.r.p.CsvFileSampleSource: produce(): 1 samples produced in 18ms on channel 0
2025-04-08 08:52:05,976 INFO o.a.j.r.d.ReportGenerator: Exporting data using exporter:'json' of className:'org.apache.jmeter.report.dashboard.JsonExporter'
2025-04-08 08:52:06,005 INFO o.a.j.r.d.JsonExporter: Found data for consumer statisticsSummary in context
2025-04-08 08:52:06,005 INFO o.a.j.r.d.JsonExporter: Creating statistics for overall
2025-04-08 08:52:06,005 INFO o.a.j.r.d.JsonExporter: Creating statistics for other transactions
2025-04-08 08:52:06,005 INFO o.a.j.r.d.JsonExporter: Checking output folder
2025-04-08 08:52:06,005 INFO o.a.j.r.d.JsonExporter: Writing statistics JSON to /Users/juhojaatinen/robotframework-qa-demo/tests/performance/html-report/statistics.json
2025-04-08 08:52:06,019 INFO o.a.j.r.d.ReportGenerator: Exporting data using exporter:'html' of className:'org.apache.jmeter.report.dashboard.HtmlTemplateExporter'
2025-04-08 08:52:06,020 INFO o.a.j.r.d.HtmlTemplateExporter: Will generate dashboard in folder: /Users/juhojaatinen/robotframework-qa-demo/tests/performance/html-report
2025-04-08 08:52:06,056 INFO o.a.j.r.d.HtmlTemplateExporter: Report will be generated in: /Users/juhojaatinen/robotframework-qa-demo/tests/performance/html-report, creating folder structure
2025-04-08 08:52:06,057 INFO o.a.j.r.d.TemplateVisitor: Copying folder from '/opt/homebrew/Cellar/jmeter/5.6.3/libexec/bin/report-template' to '/Users/juhojaatinen/robotframework-qa-demo/tests/performance/html-report', got message: /Users/juhojaatinen/robotframework-qa-demo/tests/performance/html-report, found non empty folder with following content [/Users/juhojaatinen/robotframework-qa-demo/tests/performance/html-report/statistics.json], will be ignored
2025-04-08 08:52:06,165 INFO o.a.j.JMeter: Dashboard generated
